This file contains any messages produced by compilers while
running configure, to aid debugging if configure makes a mistake.

It was created by modelnet configure prerelease, which was
generated by GNU Autoconf 2.59.  Invocation command line was

  $ ./configure 

## --------- ##
## Platform. ##
## --------- ##

hostname = modelnet.cs
uname -m = i386
uname -r = 6.3-RELEASE
uname -s = FreeBSD
uname -v = FreeBSD 6.3-RELEASE #0: Wed May 11 17:02:57 EDT 2011     root@modelnet.cs:/usr/src/sys/i386/compile/GENERIC 

/usr/bin/uname -p = i386
/bin/uname -X     = unknown

/bin/arch              = unknown
/usr/bin/arch -k       = unknown
/usr/convex/getsysinfo = unknown
hostinfo               = unknown
/bin/machine           = unknown
/usr/bin/oslevel       = unknown
/bin/universe          = unknown

PATH: /sbin
PATH: /usr/sbin
PATH: /bin
PATH: /usr/bin
PATH: /usr/local/sbin
PATH: /usr/local/bin
PATH: /usr/X11R6/bin


## ----------- ##
## Core tests. ##
## ----------- ##

configure:1556: checking for a BSD-compatible install
configure:1611: result: /usr/bin/install -c
configure:1622: checking whether build environment is sane
configure:1665: result: yes
configure:1689: WARNING: `missing' script is too old or missing
configure:1722: checking for gawk
configure:1751: result: no
configure:1722: checking for mawk
configure:1751: result: no
configure:1722: checking for nawk
configure:1738: found /usr/bin/nawk
configure:1748: result: nawk
configure:1758: checking whether make sets $(MAKE)
configure:1778: result: yes
configure:1994: checking for gcc
configure:2010: found /usr/bin/gcc
configure:2020: result: gcc
configure:2264: checking for C compiler version
configure:2267: gcc --version </dev/null >&5
gcc (GCC) 3.4.6 [FreeBSD] 20060305
Copyright (C) 2006 Free Software Foundation, Inc.
This is free software; see the source for copying conditions.  There is NO
warranty; not even for MERCHANTABILITY or FITNESS FOR A PARTICULAR PURPOSE.

configure:2270: $? = 0
configure:2272: gcc -v </dev/null >&5
Using built-in specs.
Configured with: FreeBSD/i386 system compiler
Thread model: posix
gcc version 3.4.6 [FreeBSD] 20060305
configure:2275: $? = 0
configure:2277: gcc -V </dev/null >&5
gcc: `-V' option must have argument
configure:2280: $? = 1
configure:2303: checking for C compiler default output file name
configure:2306: gcc    conftest.c  >&5
configure:2309: $? = 0
configure:2355: result: a.out
configure:2360: checking whether the C compiler works
configure:2366: ./a.out
configure:2369: $? = 0
configure:2386: result: yes
configure:2393: checking whether we are cross compiling
configure:2395: result: no
configure:2398: checking for suffix of executables
configure:2400: gcc -o conftest    conftest.c  >&5
configure:2403: $? = 0
configure:2428: result: 
configure:2434: checking for suffix of object files
configure:2455: gcc -c   conftest.c >&5
configure:2458: $? = 0
configure:2480: result: o
configure:2484: checking whether we are using the GNU C compiler
configure:2508: gcc -c   conftest.c >&5
configure:2514: $? = 0
configure:2517: test -z 			 || test ! -s conftest.err
configure:2520: $? = 0
configure:2523: test -s conftest.o
configure:2526: $? = 0
configure:2539: result: yes
configure:2545: checking whether gcc accepts -g
configure:2566: gcc -c -g  conftest.c >&5
configure:2572: $? = 0
configure:2575: test -z 			 || test ! -s conftest.err
configure:2578: $? = 0
configure:2581: test -s conftest.o
configure:2584: $? = 0
configure:2595: result: yes
configure:2612: checking for gcc option to accept ANSI C
configure:2682: gcc  -c -g -O2  conftest.c >&5
configure:2688: $? = 0
configure:2691: test -z 			 || test ! -s conftest.err
configure:2694: $? = 0
configure:2697: test -s conftest.o
configure:2700: $? = 0
configure:2718: result: none needed
configure:2736: gcc -c -g -O2  conftest.c >&5
conftest.c:2: error: syntax error before "me"
configure:2742: $? = 1
configure: failed program was:
| #ifndef __cplusplus
|   choke me
| #endif
configure:2883: checking for style of include used by make
configure:2911: result: GNU
configure:2939: checking dependency style of gcc
configure:3029: result: gcc3
configure:3098: checking for g++
configure:3114: found /usr/bin/g++
configure:3124: result: g++
configure:3140: checking for C++ compiler version
configure:3143: g++ --version </dev/null >&5
g++ (GCC) 3.4.6 [FreeBSD] 20060305
Copyright (C) 2006 Free Software Foundation, Inc.
This is free software; see the source for copying conditions.  There is NO
warranty; not even for MERCHANTABILITY or FITNESS FOR A PARTICULAR PURPOSE.

configure:3146: $? = 0
configure:3148: g++ -v </dev/null >&5
Using built-in specs.
Configured with: FreeBSD/i386 system compiler
Thread model: posix
gcc version 3.4.6 [FreeBSD] 20060305
configure:3151: $? = 0
configure:3153: g++ -V </dev/null >&5
g++: `-V' option must have argument
configure:3156: $? = 1
configure:3159: checking whether we are using the GNU C++ compiler
configure:3183: g++ -c   conftest.cc >&5
configure:3189: $? = 0
configure:3192: test -z 			 || test ! -s conftest.err
configure:3195: $? = 0
configure:3198: test -s conftest.o
configure:3201: $? = 0
configure:3214: result: yes
configure:3220: checking whether g++ accepts -g
configure:3241: g++ -c -g  conftest.cc >&5
configure:3247: $? = 0
configure:3250: test -z 			 || test ! -s conftest.err
configure:3253: $? = 0
configure:3256: test -s conftest.o
configure:3259: $? = 0
configure:3270: result: yes
configure:3312: g++ -c -g -O2  conftest.cc >&5
configure:3318: $? = 0
configure:3321: test -z 			 || test ! -s conftest.err
configure:3324: $? = 0
configure:3327: test -s conftest.o
configure:3330: $? = 0
configure:3356: g++ -c -g -O2  conftest.cc >&5
conftest.cc: In function `int main()':
conftest.cc:15: error: `exit' was not declared in this scope
configure:3362: $? = 1
configure: failed program was:
| /* confdefs.h.  */
| 
| #define PACKAGE_NAME "modelnet"
| #define PACKAGE_TARNAME "modelnet"
| #define PACKAGE_VERSION "prerelease"
| #define PACKAGE_STRING "modelnet prerelease"
| #define PACKAGE_BUGREPORT "modelnet-bugs@some.list"
| #define PACKAGE "modelnet"
| #define VERSION "0.99"
| /* end confdefs.h.  */
| 
| int
| main ()
| {
| exit (42);
|   ;
|   return 0;
| }
configure:3312: g++ -c -g -O2  conftest.cc >&5
configure:3318: $? = 0
configure:3321: test -z 			 || test ! -s conftest.err
configure:3324: $? = 0
configure:3327: test -s conftest.o
configure:3330: $? = 0
configure:3356: g++ -c -g -O2  conftest.cc >&5
configure:3362: $? = 0
configure:3365: test -z 			 || test ! -s conftest.err
configure:3368: $? = 0
configure:3371: test -s conftest.o
configure:3374: $? = 0
configure:3399: checking dependency style of g++
configure:3489: result: gcc3
configure:3584: checking build system type
configure:3602: result: i386-unknown-freebsd6.3
configure:3610: checking host system type
configure:3624: result: i386-unknown-freebsd6.3
configure:3632: checking for a sed that does not truncate output
configure:3686: result: /usr/bin/sed
configure:3689: checking for egrep
configure:3699: result: grep -E
configure:3715: checking for ld used by gcc
configure:3782: result: /usr/bin/ld
configure:3791: checking if the linker (/usr/bin/ld) is GNU ld
configure:3806: result: yes
configure:3811: checking for /usr/bin/ld option to reload object files
configure:3818: result: -r
configure:3827: checking for BSD-compatible nm
configure:3869: result: /usr/bin/nm -B
configure:3873: checking whether ln -s works
configure:3877: result: yes
configure:3884: checking how to recognise dependent libraries
configure:4058: result: pass_all
configure:4271: checking how to run the C preprocessor
configure:4306: gcc -E  conftest.c
configure:4312: $? = 0
configure:4344: gcc -E  conftest.c
conftest.c:14:28: ac_nonexistent.h: No such file or directory
configure:4350: $? = 1
configure: failed program was:
| /* confdefs.h.  */
| 
| #define PACKAGE_NAME "modelnet"
| #define PACKAGE_TARNAME "modelnet"
| #define PACKAGE_VERSION "prerelease"
| #define PACKAGE_STRING "modelnet prerelease"
| #define PACKAGE_BUGREPORT "modelnet-bugs@some.list"
| #define PACKAGE "modelnet"
| #define VERSION "0.99"
| #ifdef __cplusplus
| extern "C" void std::exit (int) throw (); using std::exit;
| #endif
| /* end confdefs.h.  */
| #include <ac_nonexistent.h>
configure:4389: result: gcc -E
configure:4413: gcc -E  conftest.c
configure:4419: $? = 0
configure:4451: gcc -E  conftest.c
conftest.c:14:28: ac_nonexistent.h: No such file or directory
configure:4457: $? = 1
configure: failed program was:
| /* confdefs.h.  */
| 
| #define PACKAGE_NAME "modelnet"
| #define PACKAGE_TARNAME "modelnet"
| #define PACKAGE_VERSION "prerelease"
| #define PACKAGE_STRING "modelnet prerelease"
| #define PACKAGE_BUGREPORT "modelnet-bugs@some.list"
| #define PACKAGE "modelnet"
| #define VERSION "0.99"
| #ifdef __cplusplus
| extern "C" void std::exit (int) throw (); using std::exit;
| #endif
| /* end confdefs.h.  */
| #include <ac_nonexistent.h>
configure:4501: checking for ANSI C header files
configure:4526: gcc -c -g -O2  conftest.c >&5
configure:4532: $? = 0
configure:4535: test -z 			 || test ! -s conftest.err
configure:4538: $? = 0
configure:4541: test -s conftest.o
configure:4544: $? = 0
configure:4633: gcc -o conftest -g -O2   conftest.c  >&5
configure:4636: $? = 0
configure:4638: ./conftest
configure:4641: $? = 0
configure:4656: result: yes
configure:4680: checking for sys/types.h
configure:4696: gcc -c -g -O2  conftest.c >&5
configure:4702: $? = 0
configure:4705: test -z 			 || test ! -s conftest.err
configure:4708: $? = 0
configure:4711: test -s conftest.o
configure:4714: $? = 0
configure:4725: result: yes
configure:4680: checking for sys/stat.h
configure:4696: gcc -c -g -O2  conftest.c >&5
configure:4702: $? = 0
configure:4705: test -z 			 || test ! -s conftest.err
configure:4708: $? = 0
configure:4711: test -s conftest.o
configure:4714: $? = 0
configure:4725: result: yes
configure:4680: checking for stdlib.h
configure:4696: gcc -c -g -O2  conftest.c >&5
configure:4702: $? = 0
configure:4705: test -z 			 || test ! -s conftest.err
configure:4708: $? = 0
configure:4711: test -s conftest.o
configure:4714: $? = 0
configure:4725: result: yes
configure:4680: checking for string.h
configure:4696: gcc -c -g -O2  conftest.c >&5
configure:4702: $? = 0
configure:4705: test -z 			 || test ! -s conftest.err
configure:4708: $? = 0
configure:4711: test -s conftest.o
configure:4714: $? = 0
configure:4725: result: yes
configure:4680: checking for memory.h
configure:4696: gcc -c -g -O2  conftest.c >&5
configure:4702: $? = 0
configure:4705: test -z 			 || test ! -s conftest.err
configure:4708: $? = 0
configure:4711: test -s conftest.o
configure:4714: $? = 0
configure:4725: result: yes
configure:4680: checking for strings.h
configure:4696: gcc -c -g -O2  conftest.c >&5
configure:4702: $? = 0
configure:4705: test -z 			 || test ! -s conftest.err
configure:4708: $? = 0
configure:4711: test -s conftest.o
configure:4714: $? = 0
configure:4725: result: yes
configure:4680: checking for inttypes.h
configure:4696: gcc -c -g -O2  conftest.c >&5
configure:4702: $? = 0
configure:4705: test -z 			 || test ! -s conftest.err
configure:4708: $? = 0
configure:4711: test -s conftest.o
configure:4714: $? = 0
configure:4725: result: yes
configure:4680: checking for stdint.h
configure:4696: gcc -c -g -O2  conftest.c >&5
configure:4702: $? = 0
configure:4705: test -z 			 || test ! -s conftest.err
configure:4708: $? = 0
configure:4711: test -s conftest.o
configure:4714: $? = 0
configure:4725: result: yes
configure:4680: checking for unistd.h
configure:4696: gcc -c -g -O2  conftest.c >&5
configure:4702: $? = 0
configure:4705: test -z 			 || test ! -s conftest.err
configure:4708: $? = 0
configure:4711: test -s conftest.o
configure:4714: $? = 0
configure:4725: result: yes
configure:4751: checking dlfcn.h usability
configure:4763: gcc -c -g -O2  conftest.c >&5
configure:4769: $? = 0
configure:4772: test -z 			 || test ! -s conftest.err
configure:4775: $? = 0
configure:4778: test -s conftest.o
configure:4781: $? = 0
configure:4791: result: yes
configure:4795: checking dlfcn.h presence
configure:4805: gcc -E  conftest.c
configure:4811: $? = 0
configure:4831: result: yes
configure:4866: checking for dlfcn.h
configure:4873: result: yes
configure:4891: checking how to run the C++ preprocessor
configure:4922: g++ -E  conftest.cc
configure:4928: $? = 0
configure:4960: g++ -E  conftest.cc
conftest.cc:25:28: ac_nonexistent.h: No such file or directory
configure:4966: $? = 1
configure: failed program was:
| /* confdefs.h.  */
| 
| #define PACKAGE_NAME "modelnet"
| #define PACKAGE_TARNAME "modelnet"
| #define PACKAGE_VERSION "prerelease"
| #define PACKAGE_STRING "modelnet prerelease"
| #define PACKAGE_BUGREPORT "modelnet-bugs@some.list"
| #define PACKAGE "modelnet"
| #define VERSION "0.99"
| #ifdef __cplusplus
| extern "C" void std::exit (int) throw (); using std::exit;
| #endif
| #define STDC_HEADERS 1
| #define HAVE_SYS_TYPES_H 1
| #define HAVE_SYS_STAT_H 1
| #define HAVE_STDLIB_H 1
| #define HAVE_STRING_H 1
| #define HAVE_MEMORY_H 1
| #define HAVE_STRINGS_H 1
| #define HAVE_INTTYPES_H 1
| #define HAVE_STDINT_H 1
| #define HAVE_UNISTD_H 1
| #define HAVE_DLFCN_H 1
| /* end confdefs.h.  */
| #include <ac_nonexistent.h>
configure:5005: result: g++ -E
configure:5029: g++ -E  conftest.cc
configure:5035: $? = 0
configure:5067: g++ -E  conftest.cc
conftest.cc:25:28: ac_nonexistent.h: No such file or directory
configure:5073: $? = 1
configure: failed program was:
| /* confdefs.h.  */
| 
| #define PACKAGE_NAME "modelnet"
| #define PACKAGE_TARNAME "modelnet"
| #define PACKAGE_VERSION "prerelease"
| #define PACKAGE_STRING "modelnet prerelease"
| #define PACKAGE_BUGREPORT "modelnet-bugs@some.list"
| #define PACKAGE "modelnet"
| #define VERSION "0.99"
| #ifdef __cplusplus
| extern "C" void std::exit (int) throw (); using std::exit;
| #endif
| #define STDC_HEADERS 1
| #define HAVE_SYS_TYPES_H 1
| #define HAVE_SYS_STAT_H 1
| #define HAVE_STDLIB_H 1
| #define HAVE_STRING_H 1
| #define HAVE_MEMORY_H 1
| #define HAVE_STRINGS_H 1
| #define HAVE_INTTYPES_H 1
| #define HAVE_STDINT_H 1
| #define HAVE_UNISTD_H 1
| #define HAVE_DLFCN_H 1
| /* end confdefs.h.  */
| #include <ac_nonexistent.h>
configure:5168: checking for g77
configure:5197: result: no
configure:5168: checking for f77
configure:5184: found /usr/bin/f77
configure:5194: result: f77
configure:5209: checking for Fortran 77 compiler version
configure:5212: f77 --version </dev/null >&5
GNU Fortran (GCC) 3.4.6 [FreeBSD] 20060305
Copyright (C) 2006 Free Software Foundation, Inc.

GNU Fortran comes with NO WARRANTY, to the extent permitted by law.
You may redistribute copies of GNU Fortran
under the terms of the GNU General Public License.
For more information about these matters, see the file named COPYING
or type the command `info -f g77 Copying'.
configure:5215: $? = 0
configure:5217: f77 -v </dev/null >&5
Using built-in specs.
Configured with: FreeBSD/i386 system compiler
Thread model: posix
gcc version 3.4.6 [FreeBSD] 20060305
configure:5220: $? = 0
configure:5222: f77 -V </dev/null >&5
f77: `-V' option must have argument
configure:5225: $? = 1
configure:5233: checking whether we are using the GNU Fortran 77 compiler
configure:5247: f77 -c  conftest.F >&5
configure:5253: $? = 0
configure:5256: test -z 			 || test ! -s conftest.err
configure:5259: $? = 0
configure:5262: test -s conftest.o
configure:5265: $? = 0
configure:5278: result: yes
configure:5284: checking whether f77 accepts -g
configure:5296: f77 -c -g conftest.f >&5
configure:5302: $? = 0
configure:5305: test -z 			 || test ! -s conftest.err
configure:5308: $? = 0
configure:5311: test -s conftest.o
configure:5314: $? = 0
configure:5326: result: yes
configure:5356: checking the maximum length of command line arguments
configure:5421: result: 65536
configure:5432: checking command to parse /usr/bin/nm -B output from gcc object
configure:5521: gcc -c -g -O2  conftest.c >&5
configure:5524: $? = 0
configure:5528: /usr/bin/nm -B conftest.o \| sed -n -e 's/^.*[ 	]\([ABCDGIRSTW][ABCDGIRSTW]*\)[ 	][ 	]*\(\)\([_A-Za-z][_A-Za-z0-9]*\)$/\1 \2\3 \3/p' \> conftest.nm
configure:5531: $? = 0
configure:5583: gcc -o conftest -g -O2   conftest.c conftstm.o >&5
configure:5586: $? = 0
configure:5624: result: ok
configure:5628: checking for objdir
configure:5643: result: .libs
configure:5733: checking for ar
configure:5749: found /usr/bin/ar
configure:5760: result: ar
configure:5813: checking for ranlib
configure:5829: found /usr/bin/ranlib
configure:5840: result: ranlib
configure:5893: checking for strip
configure:5909: found /usr/bin/strip
configure:5920: result: strip
configure:6182: checking if gcc static flag  works
configure:6205: result: yes
configure:6223: checking if gcc supports -fno-rtti -fno-exceptions
configure:6241: gcc -c -g -O2  -fno-rtti -fno-exceptions conftest.c >&5
cc1: warning: command line option "-fno-rtti" is valid for C++/ObjC++ but not for C
configure:6245: $? = 0
configure:6256: result: no
configure:6271: checking for gcc option to produce PIC
configure:6448: result: -fPIC
configure:6456: checking if gcc PIC flag -fPIC works
configure:6474: gcc -c -g -O2  -fPIC -DPIC conftest.c >&5
configure:6478: $? = 0
configure:6489: result: yes
configure:6513: checking if gcc supports -c -o file.o
configure:6534: gcc -c -g -O2  -o out/conftest2.o conftest.c >&5
configure:6538: $? = 0
configure:6558: result: yes
configure:6584: checking whether the gcc linker (/usr/bin/ld) supports shared libraries
configure:7431: result: yes
configure:7457: checking whether -lc should be explicitly linked in
configure:7462: gcc -c -g -O2  conftest.c >&5
configure:7465: $? = 0
configure:7479: gcc -shared conftest.o  -v -Wl,-soname -Wl,conftest -o conftest 2\>\&1 \| grep  -lc  \>/dev/null 2\>\&1
configure:7482: $? = 1
configure:7494: result: yes
configure:7502: checking dynamic linker characteristics
configure:8054: result: freebsd6.3 ld.so
configure:8058: checking how to hardcode library paths into programs
configure:8083: result: immediate
configure:8097: checking whether stripping libraries is possible
configure:8102: result: yes
configure:8925: checking if libtool supports shared libraries
configure:8927: result: yes
configure:8930: checking whether to build shared libraries
configure:8988: result: yes
configure:8991: checking whether to build static libraries
configure:8995: result: yes
configure:9087: creating libtool
configure:9634: checking for ld used by g++
configure:9701: result: /usr/bin/ld
configure:9710: checking if the linker (/usr/bin/ld) is GNU ld
configure:9725: result: yes
configure:9776: checking whether the g++ linker (/usr/bin/ld) supports shared libraries
configure:10602: result: yes
configure:10620: g++ -c -g -O2  conftest.cc >&5
configure:10623: $? = 0
configure:10719: checking for g++ option to produce PIC
configure:10971: result: -fPIC
configure:10979: checking if g++ PIC flag -fPIC works
configure:10997: g++ -c -g -O2  -fPIC -DPIC conftest.cc >&5
configure:11001: $? = 0
configure:11012: result: yes
configure:11036: checking if g++ supports -c -o file.o
configure:11057: g++ -c -g -O2  -o out/conftest2.o conftest.cc >&5
configure:11061: $? = 0
configure:11081: result: yes
configure:11107: checking whether the g++ linker (/usr/bin/ld) supports shared libraries
configure:11135: result: yes
configure:11206: checking dynamic linker characteristics
configure:11758: result: freebsd6.3 ld.so
configure:11762: checking how to hardcode library paths into programs
configure:11787: result: immediate
configure:11801: checking whether stripping libraries is possible
configure:11806: result: yes
configure:13106: checking if libtool supports shared libraries
configure:13108: result: yes
configure:13111: checking whether to build shared libraries
configure:13129: result: yes
configure:13132: checking whether to build static libraries
configure:13136: result: yes
configure:13148: checking for f77 option to produce PIC
configure:13325: result: -fPIC
configure:13333: checking if f77 PIC flag -fPIC works
configure:13351: f77 -c -g -O2 -fPIC conftest.f >&5
configure:13355: $? = 0
configure:13366: result: yes
configure:13390: checking if f77 supports -c -o file.o
configure:13411: f77 -c -g -O2 -o out/conftest2.o conftest.f >&5
configure:13415: $? = 0
configure:13435: result: yes
configure:13461: checking whether the f77 linker (/usr/bin/ld) supports shared libraries
configure:14288: result: yes
configure:14359: checking dynamic linker characteristics
configure:14911: result: freebsd6.3 ld.so
configure:14915: checking how to hardcode library paths into programs
configure:14940: result: immediate
configure:14954: checking whether stripping libraries is possible
configure:14959: result: yes
configure:19052: checking for dlsym in -ldl
configure:19082: gcc -o conftest -g -O2   conftest.c -ldl   >&5
/usr/bin/ld: cannot find -ldl
configure:19088: $? = 1
configure: failed program was:
| /* confdefs.h.  */
| 
| #define PACKAGE_NAME "modelnet"
| #define PACKAGE_TARNAME "modelnet"
| #define PACKAGE_VERSION "prerelease"
| #define PACKAGE_STRING "modelnet prerelease"
| #define PACKAGE_BUGREPORT "modelnet-bugs@some.list"
| #define PACKAGE "modelnet"
| #define VERSION "0.99"
| #ifdef __cplusplus
| extern "C" void std::exit (int) throw (); using std::exit;
| #endif
| #define STDC_HEADERS 1
| #define HAVE_SYS_TYPES_H 1
| #define HAVE_SYS_STAT_H 1
| #define HAVE_STDLIB_H 1
| #define HAVE_STRING_H 1
| #define HAVE_MEMORY_H 1
| #define HAVE_STRINGS_H 1
| #define HAVE_INTTYPES_H 1
| #define HAVE_STDINT_H 1
| #define HAVE_UNISTD_H 1
| #define HAVE_DLFCN_H 1
| /* end confdefs.h.  */
| 
| /* Override any gcc2 internal prototype to avoid an error.  */
| #ifdef __cplusplus
| extern "C"
| #endif
| /* We use char because int might match the return type of a gcc2
|    builtin and then its argument prototype would still apply.  */
| char dlsym ();
| int
| main ()
| {
| dlsym ();
|   ;
|   return 0;
| }
configure:19113: result: no
configure:19122: checking for ANSI C header files
configure:19277: result: yes
configure:19308: checking arpa/inet.h usability
configure:19320: gcc -c -g -O2  conftest.c >&5
configure:19326: $? = 0
configure:19329: test -z 			 || test ! -s conftest.err
configure:19332: $? = 0
configure:19335: test -s conftest.o
configure:19338: $? = 0
configure:19348: result: yes
configure:19352: checking arpa/inet.h presence
configure:19362: gcc -E  conftest.c
configure:19368: $? = 0
configure:19388: result: yes
configure:19423: checking for arpa/inet.h
configure:19430: result: yes
configure:19308: checking netdb.h usability
configure:19320: gcc -c -g -O2  conftest.c >&5
configure:19326: $? = 0
configure:19329: test -z 			 || test ! -s conftest.err
configure:19332: $? = 0
configure:19335: test -s conftest.o
configure:19338: $? = 0
configure:19348: result: yes
configure:19352: checking netdb.h presence
configure:19362: gcc -E  conftest.c
configure:19368: $? = 0
configure:19388: result: yes
configure:19423: checking for netdb.h
configure:19430: result: yes
configure:19308: checking netinet/in.h usability
configure:19320: gcc -c -g -O2  conftest.c >&5
configure:19326: $? = 0
configure:19329: test -z 			 || test ! -s conftest.err
configure:19332: $? = 0
configure:19335: test -s conftest.o
configure:19338: $? = 0
configure:19348: result: yes
configure:19352: checking netinet/in.h presence
configure:19362: gcc -E  conftest.c
configure:19368: $? = 0
configure:19388: result: yes
configure:19423: checking for netinet/in.h
configure:19430: result: yes
configure:19299: checking for stdlib.h
configure:19304: result: yes
configure:19299: checking for string.h
configure:19304: result: yes
configure:19308: checking sys/socket.h usability
configure:19320: gcc -c -g -O2  conftest.c >&5
configure:19326: $? = 0
configure:19329: test -z 			 || test ! -s conftest.err
configure:19332: $? = 0
configure:19335: test -s conftest.o
configure:19338: $? = 0
configure:19348: result: yes
configure:19352: checking sys/socket.h presence
configure:19362: gcc -E  conftest.c
configure:19368: $? = 0
configure:19388: result: yes
configure:19423: checking for sys/socket.h
configure:19430: result: yes
configure:19308: checking sys/time.h usability
configure:19320: gcc -c -g -O2  conftest.c >&5
configure:19326: $? = 0
configure:19329: test -z 			 || test ! -s conftest.err
configure:19332: $? = 0
configure:19335: test -s conftest.o
configure:19338: $? = 0
configure:19348: result: yes
configure:19352: checking sys/time.h presence
configure:19362: gcc -E  conftest.c
configure:19368: $? = 0
configure:19388: result: yes
configure:19423: checking for sys/time.h
configure:19430: result: yes
configure:19299: checking for unistd.h
configure:19304: result: yes
configure:19445: checking for an ANSI C-conforming const
configure:19512: gcc -c -g -O2  conftest.c >&5
configure:19518: $? = 0
configure:19521: test -z 			 || test ! -s conftest.err
configure:19524: $? = 0
configure:19527: test -s conftest.o
configure:19530: $? = 0
configure:19541: result: yes
configure:19551: checking for size_t
configure:19575: gcc -c -g -O2  conftest.c >&5
configure:19581: $? = 0
configure:19584: test -z 			 || test ! -s conftest.err
configure:19587: $? = 0
configure:19590: test -s conftest.o
configure:19593: $? = 0
configure:19604: result: yes
configure:19623: checking for stdlib.h
configure:19628: result: yes
configure:19767: checking for GNU libc compatible malloc
configure:19796: gcc -o conftest -g -O2   conftest.c  >&5
configure:19799: $? = 0
configure:19801: ./conftest
configure:19804: $? = 0
configure:19818: result: yes
configure:19859: checking for dup2
configure:19916: gcc -o conftest -g -O2   conftest.c  >&5
configure:19922: $? = 0
configure:19925: test -z 			 || test ! -s conftest.err
configure:19928: $? = 0
configure:19931: test -s conftest
configure:19934: $? = 0
configure:19946: result: yes
configure:19859: checking for gethostbyaddr
configure:19916: gcc -o conftest -g -O2   conftest.c  >&5
configure:19922: $? = 0
configure:19925: test -z 			 || test ! -s conftest.err
configure:19928: $? = 0
configure:19931: test -s conftest
configure:19934: $? = 0
configure:19946: result: yes
configure:19859: checking for gethostbyname
configure:19916: gcc -o conftest -g -O2   conftest.c  >&5
configure:19922: $? = 0
configure:19925: test -z 			 || test ! -s conftest.err
configure:19928: $? = 0
configure:19931: test -s conftest
configure:19934: $? = 0
configure:19946: result: yes
configure:19859: checking for gethostname
configure:19916: gcc -o conftest -g -O2   conftest.c  >&5
configure:19922: $? = 0
configure:19925: test -z 			 || test ! -s conftest.err
configure:19928: $? = 0
configure:19931: test -s conftest
configure:19934: $? = 0
configure:19946: result: yes
configure:19859: checking for socket
configure:19916: gcc -o conftest -g -O2   conftest.c  >&5
configure:19922: $? = 0
configure:19925: test -z 			 || test ! -s conftest.err
configure:19928: $? = 0
configure:19931: test -s conftest
configure:19934: $? = 0
configure:19946: result: yes
configure:19859: checking for strcasecmp
configure:19916: gcc -o conftest -g -O2   conftest.c  >&5
configure:19922: $? = 0
configure:19925: test -z 			 || test ! -s conftest.err
configure:19928: $? = 0
configure:19931: test -s conftest
configure:19934: $? = 0
configure:19946: result: yes
configure:19859: checking for strdup
configure:19916: gcc -o conftest -g -O2   conftest.c  >&5
conftest.c:66: warning: conflicting types for built-in function 'strdup'
configure:19922: $? = 0
configure:19925: test -z 			 || test ! -s conftest.err
configure:19928: $? = 0
configure:19931: test -s conftest
configure:19934: $? = 0
configure:19946: result: yes
configure:19859: checking for strtoul
configure:19916: gcc -o conftest -g -O2   conftest.c  >&5
configure:19922: $? = 0
configure:19925: test -z 			 || test ! -s conftest.err
configure:19928: $? = 0
configure:19931: test -s conftest
configure:19934: $? = 0
configure:19946: result: yes
configure:19959: checking for debiandoc2text
configure:19992: result: no
configure:20018: checking for FreeBSD kernel source tree
configure:20027: result: /usr/src/sys
configure:20037: checking for make
configure:20056: found /usr/bin/make
configure:20069: result: /usr/bin/make
configure:20106: checking boost/graph/adjacency_list.hpp usability
configure:20118: g++ -c -g -O2  -I/usr/local/include conftest.cc >&5
configure:20124: $? = 0
configure:20127: test -z 			 || test ! -s conftest.err
configure:20130: $? = 0
configure:20133: test -s conftest.o
configure:20136: $? = 0
configure:20146: result: yes
configure:20150: checking boost/graph/adjacency_list.hpp presence
configure:20160: g++ -E  -I/usr/local/include conftest.cc
configure:20166: $? = 0
configure:20186: result: yes
configure:20221: checking for boost/graph/adjacency_list.hpp
configure:20228: result: yes
configure:20260: checking xercesc/util/PlatformUtils.hpp usability
configure:20272: g++ -c -g -O2  -I/usr/local/include conftest.cc >&5
configure:20278: $? = 0
configure:20281: test -z 			 || test ! -s conftest.err
configure:20284: $? = 0
configure:20287: test -s conftest.o
configure:20290: $? = 0
configure:20300: result: yes
configure:20304: checking xercesc/util/PlatformUtils.hpp presence
configure:20314: g++ -E  -I/usr/local/include conftest.cc
configure:20320: $? = 0
configure:20340: result: yes
configure:20375: checking for xercesc/util/PlatformUtils.hpp
configure:20382: result: yes
configure:20533: creating ./config.status

## ---------------------- ##
## Running config.status. ##
## ---------------------- ##

This file was extended by modelnet config.status prerelease, which was
generated by GNU Autoconf 2.59.  Invocation command line was

  CONFIG_FILES    = 
  CONFIG_HEADERS  = 
  CONFIG_LINKS    = 
  CONFIG_COMMANDS = 
  $ ./config.status 

on modelnet.cs

config.status:764: creating Makefile
config.status:764: creating doc/Makefile
config.status:764: creating module/Makefile
config.status:764: creating debian/Makefile
config.status:764: creating example/Makefile
config.status:764: creating src/Makefile
config.status:830: creating config.h
config.status:976: config.h is unchanged
config.status:1156: executing depfiles commands

## ---------------- ##
## Cache variables. ##
## ---------------- ##

ac_cv_build=i386-unknown-freebsd6.3
ac_cv_build_alias=i386-unknown-freebsd6.3
ac_cv_c_compiler_gnu=yes
ac_cv_c_const=yes
ac_cv_cxx_compiler_gnu=yes
ac_cv_env_CC_set=
ac_cv_env_CC_value=
ac_cv_env_CFLAGS_set=
ac_cv_env_CFLAGS_value=
ac_cv_env_CPPFLAGS_set=
ac_cv_env_CPPFLAGS_value=
ac_cv_env_CPP_set=
ac_cv_env_CPP_value=
ac_cv_env_CXXCPP_set=
ac_cv_env_CXXCPP_value=
ac_cv_env_CXXFLAGS_set=
ac_cv_env_CXXFLAGS_value=
ac_cv_env_CXX_set=
ac_cv_env_CXX_value=
ac_cv_env_F77_set=
ac_cv_env_F77_value=
ac_cv_env_FFLAGS_set=
ac_cv_env_FFLAGS_value=
ac_cv_env_LDFLAGS_set=
ac_cv_env_LDFLAGS_value=
ac_cv_env_build_alias_set=
ac_cv_env_build_alias_value=
ac_cv_env_host_alias_set=
ac_cv_env_host_alias_value=
ac_cv_env_target_alias_set=
ac_cv_env_target_alias_value=
ac_cv_exeext=
ac_cv_f77_compiler_gnu=yes
ac_cv_func_dup2=yes
ac_cv_func_gethostbyaddr=yes
ac_cv_func_gethostbyname=yes
ac_cv_func_gethostname=yes
ac_cv_func_malloc_0_nonnull=yes
ac_cv_func_socket=yes
ac_cv_func_strcasecmp=yes
ac_cv_func_strdup=yes
ac_cv_func_strtoul=yes
ac_cv_header_arpa_inet_h=yes
ac_cv_header_boost_graph_adjacency_list_hpp=yes
ac_cv_header_dlfcn_h=yes
ac_cv_header_inttypes_h=yes
ac_cv_header_memory_h=yes
ac_cv_header_netdb_h=yes
ac_cv_header_netinet_in_h=yes
ac_cv_header_stdc=yes
ac_cv_header_stdint_h=yes
ac_cv_header_stdlib_h=yes
ac_cv_header_string_h=yes
ac_cv_header_strings_h=yes
ac_cv_header_sys_socket_h=yes
ac_cv_header_sys_stat_h=yes
ac_cv_header_sys_time_h=yes
ac_cv_header_sys_types_h=yes
ac_cv_header_unistd_h=yes
ac_cv_header_xercesc_util_PlatformUtils_hpp=yes
ac_cv_host=i386-unknown-freebsd6.3
ac_cv_host_alias=i386-unknown-freebsd6.3
ac_cv_lib_dl_dlsym=no
ac_cv_objext=o
ac_cv_path_FBSDMAKE=/usr/bin/make
ac_cv_path_install='/usr/bin/install -c'
ac_cv_prog_AWK=nawk
ac_cv_prog_CPP='gcc -E'
ac_cv_prog_CXXCPP='g++ -E'
ac_cv_prog_ac_ct_AR=ar
ac_cv_prog_ac_ct_CC=gcc
ac_cv_prog_ac_ct_CXX=g++
ac_cv_prog_ac_ct_F77=f77
ac_cv_prog_ac_ct_RANLIB=ranlib
ac_cv_prog_ac_ct_STRIP=strip
ac_cv_prog_cc_g=yes
ac_cv_prog_cc_stdc=
ac_cv_prog_cxx_g=yes
ac_cv_prog_egrep='grep -E'
ac_cv_prog_f77_g=yes
ac_cv_prog_make_make_set=yes
ac_cv_type_size_t=yes
am_cv_CC_dependencies_compiler_type=gcc3
am_cv_CXX_dependencies_compiler_type=gcc3
lt_cv_deplibs_check_method=pass_all
lt_cv_file_magic_cmd='$MAGIC_CMD'
lt_cv_file_magic_test_file=
lt_cv_ld_reload_flag=-r
lt_cv_objdir=.libs
lt_cv_path_LD=/usr/bin/ld
lt_cv_path_LDCXX=/usr/bin/ld
lt_cv_path_NM='/usr/bin/nm -B'
lt_cv_path_SED=/usr/bin/sed
lt_cv_prog_compiler_c_o=yes
lt_cv_prog_compiler_c_o_CXX=yes
lt_cv_prog_compiler_c_o_F77=yes
lt_cv_prog_compiler_rtti_exceptions=no
lt_cv_prog_gnu_ld=yes
lt_cv_prog_gnu_ldcxx=yes
lt_cv_sys_global_symbol_pipe='sed -n -e '\''s/^.*[ 	]\([ABCDGIRSTW][ABCDGIRSTW]*\)[ 	][ 	]*\(\)\([_A-Za-z][_A-Za-z0-9]*\)$/\1 \2\3 \3/p'\'''
lt_cv_sys_global_symbol_to_c_name_address='sed -n -e '\''s/^: \([^ ]*\) $/  {\"\1\", (lt_ptr) 0},/p'\'' -e '\''s/^[BCDEGRST] \([^ ]*\) \([^ ]*\)$/  {"\2", (lt_ptr) \&\2},/p'\'''
lt_cv_sys_global_symbol_to_cdecl='sed -n -e '\''s/^. .* \(.*\)$/extern int \1;/p'\'''
lt_cv_sys_max_cmd_len=65536
lt_lt_cv_prog_compiler_c_o='"yes"'
lt_lt_cv_prog_compiler_c_o_CXX='"yes"'
lt_lt_cv_prog_compiler_c_o_F77='"yes"'
lt_lt_cv_sys_global_symbol_pipe='"sed -n -e '\''s/^.*[ 	]\\([ABCDGIRSTW][ABCDGIRSTW]*\\)[ 	][ 	]*\\(\\)\\([_A-Za-z][_A-Za-z0-9]*\\)\$/\\1 \\2\\3 \\3/p'\''"'
lt_lt_cv_sys_global_symbol_to_c_name_address='"sed -n -e '\''s/^: \\([^ ]*\\) \$/  {\\\"\\1\\\", (lt_ptr) 0},/p'\'' -e '\''s/^[BCDEGRST] \\([^ ]*\\) \\([^ ]*\\)\$/  {\"\\2\", (lt_ptr) \\&\\2},/p'\''"'
lt_lt_cv_sys_global_symbol_to_cdecl='"sed -n -e '\''s/^. .* \\(.*\\)\$/extern int \\1;/p'\''"'

## ----------------- ##
## Output variables. ##
## ----------------- ##

ACLOCAL='aclocal-1.8'
AMDEPBACKSLASH='\'
AMDEP_FALSE='#'
AMDEP_TRUE=''
AMTAR='tar'
AR='ar'
AUTOCONF='autoconf'
AUTOHEADER='autoheader'
AUTOMAKE='automake-1.8'
AWK='nawk'
CC='gcc'
CCDEPMODE='depmode=gcc3'
CFLAGS='-g -O2'
CPP='gcc -E'
CPPFLAGS=' -I/usr/local/include'
CXX='g++'
CXXCPP='g++ -E'
CXXDEPMODE='depmode=gcc3'
CXXFLAGS='-g -O2'
CYGPATH_W='echo'
DEBIANDOC=''
DEFS='-DHAVE_CONFIG_H'
DEPDIR='.deps'
DIRS='src module'
ECHO='echo'
ECHO_C=''
ECHO_N='-n'
ECHO_T=''
EGREP='grep -E'
EXEEXT=''
F77='f77'
FBSDMAKE='/usr/bin/make'
FFLAGS='-g -O2'
ICONV='-liconv'
INSTALL_DATA='${INSTALL} -m 644'
INSTALL_PROGRAM='${INSTALL}'
INSTALL_SCRIPT='${INSTALL}'
INSTALL_STRIP_PROGRAM='${SHELL} $(install_sh) -c -s'
LDFLAGS=' -L/usr/local/lib'
LIBDL=''
LIBOBJS=''
LIBS=''
LIBTOOL='$(SHELL) $(top_builddir)/libtool'
LN_S='ln -s'
LTLIBOBJS=''
MAKEINFO='makeinfo'
MODULETYPE='fromsource'
OBJEXT='o'
PACKAGE='modelnet'
PACKAGE_BUGREPORT='modelnet-bugs@some.list'
PACKAGE_NAME='modelnet'
PACKAGE_STRING='modelnet prerelease'
PACKAGE_TARNAME='modelnet'
PACKAGE_VERSION='prerelease'
PATH_SEPARATOR=':'
RANLIB='ranlib'
SET_MAKE=''
SHELL='/usr/local/bin/bash'
STRIP='strip'
SYSDIR='/usr/src/sys'
VERSION='0.99'
XMLBOOSTPROGS='allpairs'
ac_ct_AR='ar'
ac_ct_CC='gcc'
ac_ct_CXX='g++'
ac_ct_F77='f77'
ac_ct_RANLIB='ranlib'
ac_ct_STRIP='strip'
am__fastdepCC_FALSE='#'
am__fastdepCC_TRUE=''
am__fastdepCXX_FALSE='#'
am__fastdepCXX_TRUE=''
am__include='include'
am__leading_dot='.'
am__quote=''
bindir='${exec_prefix}/bin'
build='i386-unknown-freebsd6.3'
build_alias=''
build_cpu='i386'
build_os='freebsd6.3'
build_vendor='unknown'
datadir='${prefix}/share'
exec_prefix='${prefix}'
host='i386-unknown-freebsd6.3'
host_alias=''
host_cpu='i386'
host_os='freebsd6.3'
host_vendor='unknown'
includedir='${prefix}/include'
infodir='${prefix}/info'
install_sh='/root/modelnet-0.99/install-sh'
libdir='${exec_prefix}/lib'
libexecdir='${exec_prefix}/libexec'
localstatedir='${prefix}/var'
mandir='${prefix}/man'
mkdir_p='$(mkinstalldirs)'
oldincludedir='/usr/include'
prefix='/usr/local'
program_transform_name='s,x,x,'
sbindir='${exec_prefix}/sbin'
sharedstatedir='${prefix}/com'
sysconfdir='${prefix}/etc'
target_alias=''

## ----------- ##
## confdefs.h. ##
## ----------- ##

#define HAVE_ARPA_INET_H 1
#define HAVE_DLFCN_H 1
#define HAVE_DUP2 1
#define HAVE_GETHOSTBYADDR 1
#define HAVE_GETHOSTBYNAME 1
#define HAVE_GETHOSTNAME 1
#define HAVE_INTTYPES_H 1
#define HAVE_MALLOC 1
#define HAVE_MEMORY_H 1
#define HAVE_NETDB_H 1
#define HAVE_NETINET_IN_H 1
#define HAVE_SOCKET 1
#define HAVE_STDINT_H 1
#define HAVE_STDLIB_H 1
#define HAVE_STDLIB_H 1
#define HAVE_STDLIB_H 1
#define HAVE_STRCASECMP 1
#define HAVE_STRDUP 1
#define HAVE_STRINGS_H 1
#define HAVE_STRING_H 1
#define HAVE_STRING_H 1
#define HAVE_STRTOUL 1
#define HAVE_SYS_SOCKET_H 1
#define HAVE_SYS_STAT_H 1
#define HAVE_SYS_TIME_H 1
#define HAVE_SYS_TYPES_H 1
#define HAVE_UNISTD_H 1
#define HAVE_UNISTD_H 1
#define PACKAGE "modelnet"
#define PACKAGE_BUGREPORT "modelnet-bugs@some.list"
#define PACKAGE_NAME "modelnet"
#define PACKAGE_STRING "modelnet prerelease"
#define PACKAGE_TARNAME "modelnet"
#define PACKAGE_VERSION "prerelease"
#define STDC_HEADERS 1
#define STDC_HEADERS 1
#define VERSION "0.99"
#endif
#ifdef __cplusplus
extern "C" void std::exit (int) throw (); using std::exit;

configure: exit 0
